<?xml version="1.0" encoding="UTF-8"?>
<!-- Generated by org.testng.reporters.JUnitReportReporter -->
<testsuite hostname="DESKTOP-CKIRIQA" failures="0" tests="1" name="Test1.TestDemo" time="0.024" errors="0" timestamp="2025-01-14T15:11:40 IST" skipped="0">
  <testcase classname="Test1.TestDemo" name="verify" time="0.024"/>
  <system-out/>
</testsuite> <!-- Test1.TestDemo -->
