<?xml version="1.0" encoding="UTF-8"?>
<!-- Generated by org.testng.reporters.JUnitReportReporter -->
<testsuite hostname="DESKTOP-CKIRIQA" failures="0" tests="1" name="com.tkb.profile.AmazonTitleTest" time="12.585" errors="0" timestamp="2025-02-07T16:23:26 IST" skipped="0">
  <testcase classname="com.tkb.profile.AmazonTitleTest" name="verifyAmazonTitle" time="12.585"/>
  <system-out/>
</testsuite> <!-- com.tkb.profile.AmazonTitleTest -->
